[2021-05-25T14:53:42.687] [DEBUG] cheese - login => username:admin,password:123456
[2021-05-25T14:53:42.688] [DEBUG] cheese - admin
[2021-05-25T14:53:42.703] [DEBUG] cheese - null
[2021-05-25T14:53:42.703] [DEBUG] cheese - null
[2022-12-30T18:23:45.039] [DEBUG] cheese - login => username:zs,password:123456
[2022-12-30T18:23:45.041] [DEBUG] cheese - zs
[2022-12-30T18:23:45.077] [DEBUG] cheese - null
[2022-12-30T18:23:45.078] [DEBUG] cheese - null
[2022-12-30T18:29:56.761] [DEBUG] cheese - login => username:admin,password:123456
[2022-12-30T18:29:56.762] [DEBUG] cheese - admin
[2022-12-30T18:29:56.774] [DEBUG] cheese - null
[2022-12-30T18:29:56.775] [DEBUG] cheese - null
[2023-01-01T20:23:02.303] [DEBUG] cheese - login => username:zs1,password:123456
[2023-01-01T20:23:02.304] [DEBUG] cheese - zs1
[2023-01-01T20:23:02.337] [DEBUG] cheese - null
[2023-01-01T20:23:02.338] [DEBUG] cheese - null
[2023-01-01T20:24:31.383] [DEBUG] cheese - login => username:zs1,password:123456
[2023-01-01T20:24:31.384] [DEBUG] cheese - zs1
[2023-01-01T20:24:31.388] [DEBUG] cheese - null
[2023-01-01T20:24:31.389] [DEBUG] cheese - null
[2023-01-01T20:26:12.539] [DEBUG] cheese - login => username:zs12,password:123456
[2023-01-01T20:26:12.540] [DEBUG] cheese - zs12
[2023-01-01T20:26:12.543] [DEBUG] cheese - null
[2023-01-01T20:26:12.543] [DEBUG] cheese - null
[2023-01-01T20:26:20.307] [DEBUG] cheese - login => username:admin,password:123456
[2023-01-01T20:26:20.307] [DEBUG] cheese - admin
[2023-01-01T20:26:20.313] [DEBUG] cheese - null
[2023-01-01T20:26:20.314] [DEBUG] cheese - null
[2023-01-01T20:52:05.465] [DEBUG] cheese - login => username:zs23,password:123456
[2023-01-01T20:52:05.465] [DEBUG] cheese - zs23
[2023-01-01T20:52:05.469] [DEBUG] cheese - null
[2023-01-01T20:52:05.469] [DEBUG] cheese - null
[2023-01-01T20:52:10.864] [DEBUG] cheese - login => username:admin,password:123456
[2023-01-01T20:52:10.864] [DEBUG] cheese - admin
[2023-01-01T20:52:10.869] [DEBUG] cheese - null
[2023-01-01T20:52:10.869] [DEBUG] cheese - null
[2023-01-01T21:01:46.179] [DEBUG] cheese - login => username:admin,password:123456
[2023-01-01T21:01:46.179] [DEBUG] cheese - admin
[2023-01-01T21:01:46.182] [DEBUG] cheese - null
[2023-01-01T21:01:46.182] [DEBUG] cheese - null
[2023-01-01T21:03:29.031] [DEBUG] cheese - login => username:admin,password:123456
[2023-01-01T21:03:29.031] [DEBUG] cheese - admin
[2023-01-01T21:03:29.034] [DEBUG] cheese - null
[2023-01-01T21:03:29.035] [DEBUG] cheese - null
[2023-01-01T21:05:41.037] [DEBUG] cheese - login => username:admin,password:123456
[2023-01-01T21:05:41.037] [DEBUG] cheese - admin
[2023-01-01T21:05:41.040] [DEBUG] cheese - null
[2023-01-01T21:05:41.040] [DEBUG] cheese - null
[2023-01-05T17:21:43.829] [DEBUG] cheese - login => username:admin,password:123456
[2023-01-05T17:21:43.832] [DEBUG] cheese - admin
[2023-01-05T17:21:43.934] [DEBUG] cheese - null
[2023-01-05T17:21:43.935] [DEBUG] cheese - null
[2023-01-05T18:43:12.955] [DEBUG] cheese - login => username:admin,password:123456
[2023-01-05T18:43:12.956] [DEBUG] cheese - admin
[2023-01-05T18:43:12.968] [DEBUG] cheese - null
[2023-01-05T18:43:12.968] [DEBUG] cheese - null
[2023-01-05T18:44:25.752] [DEBUG] cheese - login => username:admin,password:123456
[2023-01-05T18:44:25.754] [DEBUG] cheese - admin
[2023-01-05T18:44:25.762] [DEBUG] cheese - null
[2023-01-05T18:44:25.762] [DEBUG] cheese - null
[2023-01-06T17:15:07.832] [DEBUG] cheese - login => username:admin,password:123456
[2023-01-06T17:15:07.839] [DEBUG] cheese - admin
[2023-01-06T17:15:07.941] [DEBUG] cheese - null
[2023-01-06T17:15:07.944] [DEBUG] cheese - null
[2023-01-06T18:33:54.924] [DEBUG] cheese - login => username:admin,password:123456
[2023-01-06T18:33:54.926] [DEBUG] cheese - admin
[2023-01-06T18:33:54.956] [DEBUG] cheese - null
[2023-01-06T18:33:54.956] [DEBUG] cheese - null
[2023-01-06T18:46:50.226] [DEBUG] cheese - login => username:admin,password:123456
[2023-01-06T18:46:50.226] [DEBUG] cheese - admin
[2023-01-06T18:46:50.234] [DEBUG] cheese - null
[2023-01-06T18:46:50.234] [DEBUG] cheese - null
[2023-01-06T18:49:20.902] [DEBUG] cheese - login => username:admin,password:123456
[2023-01-06T18:49:20.902] [DEBUG] cheese - admin
[2023-01-06T18:49:20.915] [DEBUG] cheese - null
[2023-01-06T18:49:20.915] [DEBUG] cheese - null
[2023-01-10T19:14:12.461] [DEBUG] cheese - login => username:admin,password:123456
[2023-01-10T19:14:12.463] [DEBUG] cheese - admin
[2023-01-10T19:14:12.602] [DEBUG] cheese - null
[2023-01-10T19:14:12.602] [DEBUG] cheese - null
[2023-01-10T19:40:45.768] [DEBUG] cheese - login => username:admin,password:123456
[2023-01-10T19:40:45.768] [DEBUG] cheese - admin
[2023-01-10T19:40:45.774] [DEBUG] cheese - null
[2023-01-10T19:40:45.774] [DEBUG] cheese - null
[2023-01-11T01:09:51.951] [DEBUG] cheese - login => username:admin,password:123456
[2023-01-11T01:09:51.954] [DEBUG] cheese - admin
[2023-01-11T01:09:51.985] [DEBUG] cheese - null
[2023-01-11T01:09:51.986] [DEBUG] cheese - null
[2023-01-11T01:14:56.341] [DEBUG] cheese - login => username:admin,password:123456
[2023-01-11T01:14:56.341] [DEBUG] cheese - admin
[2023-01-11T01:14:56.350] [DEBUG] cheese - null
[2023-01-11T01:14:56.351] [DEBUG] cheese - null
[2023-01-11T01:15:35.499] [DEBUG] cheese - login => username:admin,password:123456
[2023-01-11T01:15:35.500] [DEBUG] cheese - admin
[2023-01-11T01:15:35.511] [DEBUG] cheese - null
[2023-01-11T01:15:35.512] [DEBUG] cheese - null
[2023-01-11T19:06:40.620] [DEBUG] cheese - login => username:admin,password:123456
[2023-01-11T19:06:40.622] [DEBUG] cheese - admin
[2023-01-11T19:06:40.672] [DEBUG] cheese - null
[2023-01-11T19:06:40.672] [DEBUG] cheese - null
[2023-01-12T02:15:12.774] [DEBUG] cheese - login => username:admin,password:123456
[2023-01-12T02:15:12.776] [DEBUG] cheese - admin
[2023-01-12T02:15:12.803] [DEBUG] cheese - null
[2023-01-12T02:15:12.804] [DEBUG] cheese - null
[2023-01-12T02:47:46.257] [DEBUG] cheese - login => username:admin,password:123456
[2023-01-12T02:47:46.257] [DEBUG] cheese - admin
[2023-01-12T02:47:46.259] [DEBUG] cheese - null
[2023-01-12T02:47:46.259] [DEBUG] cheese - null
[2023-01-14T02:32:18.705] [DEBUG] cheese - login => username:admin,password:123456
[2023-01-14T02:32:18.707] [DEBUG] cheese - admin
[2023-01-14T02:32:18.823] [DEBUG] cheese - null
[2023-01-14T02:32:18.823] [DEBUG] cheese - null
[2023-01-14T18:13:14.648] [DEBUG] cheese - login => username:admin,password:123456
[2023-01-14T18:13:14.649] [DEBUG] cheese - admin
[2023-01-14T18:13:14.672] [DEBUG] cheese - null
[2023-01-14T18:13:14.673] [DEBUG] cheese - null
[2023-01-15T01:06:02.958] [DEBUG] cheese - login => username:admin,password:123456
[2023-01-15T01:06:02.961] [DEBUG] cheese - admin
[2023-01-15T01:06:03.000] [DEBUG] cheese - null
[2023-01-15T01:06:03.001] [DEBUG] cheese - null
[2023-01-16T02:33:42.931] [DEBUG] cheese - login => username:admin,password:123456
[2023-01-16T02:33:42.932] [DEBUG] cheese - admin
[2023-01-16T02:33:42.964] [DEBUG] cheese - null
[2023-01-16T02:33:42.965] [DEBUG] cheese - null
[2023-01-16T03:15:01.862] [DEBUG] cheese - login => username:admin,password:123456
[2023-01-16T03:15:01.863] [DEBUG] cheese - admin
[2023-01-16T03:15:01.867] [DEBUG] cheese - null
[2023-01-16T03:15:01.867] [DEBUG] cheese - null
[2023-01-16T03:15:05.798] [DEBUG] cheese - login => username:zs,password:123456
[2023-01-16T03:15:05.799] [DEBUG] cheese - zs
[2023-01-16T03:15:05.803] [DEBUG] cheese - null
[2023-01-16T03:15:05.803] [DEBUG] cheese - null
[2023-01-16T03:18:06.961] [DEBUG] cheese - login => username:admin,password:123456
[2023-01-16T03:18:06.961] [DEBUG] cheese - admin
[2023-01-16T03:18:06.966] [DEBUG] cheese - null
[2023-01-16T03:18:06.966] [DEBUG] cheese - null
[2023-01-17T00:32:33.131] [DEBUG] cheese - login => username:admin,password:123456
[2023-01-17T00:32:33.134] [DEBUG] cheese - admin
[2023-01-17T00:32:33.264] [DEBUG] cheese - null
[2023-01-17T00:32:33.265] [DEBUG] cheese - null
[2023-01-17T01:20:37.845] [DEBUG] cheese - login => username:ADMIN,password:123456
[2023-01-17T01:20:37.846] [DEBUG] cheese - ADMIN
[2023-01-17T01:20:37.849] [DEBUG] cheese - null
[2023-01-17T01:20:37.849] [DEBUG] cheese - null
[2023-01-17T01:30:27.324] [DEBUG] cheese - login => username:admin,password:123456
[2023-01-17T01:30:27.326] [DEBUG] cheese - admin
[2023-01-17T01:30:27.330] [DEBUG] cheese - null
[2023-01-17T01:30:27.331] [DEBUG] cheese - null
[2023-02-10T16:44:56.113] [DEBUG] cheese - login => username:admin,password:123456
[2023-02-10T16:44:56.115] [DEBUG] cheese - admin
[2023-02-10T16:44:56.257] [DEBUG] cheese - null
[2023-02-10T16:44:56.258] [DEBUG] cheese - null
[2023-02-10T18:26:48.485] [DEBUG] cheese - login => username:admin,password:123456
[2023-02-10T18:26:48.485] [DEBUG] cheese - admin
[2023-02-10T18:26:48.504] [DEBUG] cheese - null
[2023-02-10T18:26:48.504] [DEBUG] cheese - null
[2023-02-12T22:48:29.952] [DEBUG] cheese - login => username:admin,password:123456
[2023-02-12T22:48:29.954] [DEBUG] cheese - admin
[2023-02-12T22:48:30.085] [DEBUG] cheese - null
[2023-02-12T22:48:30.085] [DEBUG] cheese - null
[2023-02-12T23:06:48.810] [DEBUG] cheese - null
[2023-02-12T23:09:06.379] [DEBUG] cheese - null
[2023-02-12T23:10:34.953] [DEBUG] cheese - null
[2023-02-12T23:10:56.255] [DEBUG] cheese - null
[2023-02-13T16:41:00.689] [DEBUG] cheese - login => username:admin,password:123456
[2023-02-13T16:41:00.691] [DEBUG] cheese - admin
[2023-02-13T16:41:00.788] [DEBUG] cheese - null
[2023-02-13T16:41:00.789] [DEBUG] cheese - null
[2023-02-14T14:08:24.556] [DEBUG] cheese - login => username:admin,password:123456
[2023-02-14T14:08:24.557] [DEBUG] cheese - admin
[2023-02-14T14:08:24.630] [DEBUG] cheese - null
[2023-02-14T14:08:24.630] [DEBUG] cheese - null
[2023-02-15T14:31:14.070] [DEBUG] cheese - login => username:admin,password:123456
[2023-02-15T14:31:14.073] [DEBUG] cheese - admin
[2023-02-15T14:31:14.181] [DEBUG] cheese - null
[2023-02-15T14:31:14.181] [DEBUG] cheese - null
[2023-02-15T22:34:35.552] [DEBUG] cheese - login => username:admin,password:123456
[2023-02-15T22:34:35.555] [DEBUG] cheese - admin
[2023-02-15T22:34:35.635] [DEBUG] cheese - null
[2023-02-15T22:34:35.636] [DEBUG] cheese - null
[2023-02-24T21:34:16.937] [DEBUG] cheese - login => username:admin,password:123456
[2023-02-24T21:34:16.947] [DEBUG] cheese - admin
[2023-02-24T21:34:17.150] [DEBUG] cheese - null
[2023-02-24T21:34:17.151] [DEBUG] cheese - null
[2023-02-24T21:38:01.649] [DEBUG] cheese - login => username:admin,password:123456
[2023-02-24T21:38:01.649] [DEBUG] cheese - admin
[2023-02-24T21:38:01.656] [DEBUG] cheese - null
[2023-02-24T21:38:01.656] [DEBUG] cheese - null
[2023-02-24T21:39:06.499] [DEBUG] cheese - null
[2023-02-25T09:43:18.539] [DEBUG] cheese - login => username:admin,password:123456
[2023-02-25T09:43:18.542] [DEBUG] cheese - admin
[2023-02-25T09:43:18.559] [DEBUG] cheese - null
[2023-02-25T09:43:18.560] [DEBUG] cheese - null
[2023-02-25T11:49:11.497] [DEBUG] cheese - login => username:admin,password:123456
[2023-02-25T11:49:11.502] [DEBUG] cheese - admin
[2023-02-25T11:49:11.512] [DEBUG] cheese - null
[2023-02-25T11:49:11.513] [DEBUG] cheese - null
[2023-02-25T11:49:57.257] [DEBUG] cheese - login => username:admin,password:123456
[2023-02-25T11:49:57.257] [DEBUG] cheese - admin
[2023-02-25T11:49:57.260] [DEBUG] cheese - null
[2023-02-25T11:49:57.260] [DEBUG] cheese - null
[2023-02-25T14:15:39.115] [DEBUG] cheese - login => username:admin,password:123456
[2023-02-25T14:15:39.119] [DEBUG] cheese - admin
[2023-02-25T14:15:39.161] [DEBUG] cheese - null
[2023-02-25T14:15:39.162] [DEBUG] cheese - null
[2023-02-25T23:27:14.085] [DEBUG] cheese - login => username:admin,password:123456
[2023-02-25T23:27:14.088] [DEBUG] cheese - admin
[2023-02-25T23:27:14.135] [DEBUG] cheese - null
[2023-02-25T23:27:14.136] [DEBUG] cheese - null
[2023-02-27T14:02:54.262] [DEBUG] cheese - login => username:admin,password:123456
[2023-02-27T14:02:54.265] [DEBUG] cheese - admin
[2023-02-27T14:02:54.434] [DEBUG] cheese - null
[2023-02-27T14:02:54.436] [DEBUG] cheese - null
[2023-02-27T14:21:58.562] [DEBUG] cheese - login => username:admin,password:123456
[2023-02-27T14:21:58.565] [DEBUG] cheese - admin
[2023-02-27T14:21:58.571] [DEBUG] cheese - null
[2023-02-27T14:21:58.572] [DEBUG] cheese - null
[2023-02-27T14:22:18.587] [DEBUG] cheese - login => username:admin,password:123456
[2023-02-27T14:22:18.588] [DEBUG] cheese - admin
[2023-02-27T14:22:18.592] [DEBUG] cheese - null
[2023-02-27T14:22:18.592] [DEBUG] cheese - null
[2023-02-27T14:22:25.901] [DEBUG] cheese - login => username:admin,password:123456
[2023-02-27T14:22:25.902] [DEBUG] cheese - admin
[2023-02-27T14:22:25.910] [DEBUG] cheese - null
[2023-02-27T14:22:25.911] [DEBUG] cheese - null
[2023-02-27T14:23:10.936] [DEBUG] cheese - login => username:admin,password:123456
[2023-02-27T14:23:10.937] [DEBUG] cheese - admin
[2023-02-27T14:23:10.941] [DEBUG] cheese - null
[2023-02-27T14:23:10.942] [DEBUG] cheese - null
[2023-02-27T14:23:17.082] [DEBUG] cheese - login => username:admin,password:123456
[2023-02-27T14:23:17.083] [DEBUG] cheese - admin
[2023-02-27T14:23:17.087] [DEBUG] cheese - null
[2023-02-27T14:23:17.088] [DEBUG] cheese - null
[2023-02-27T14:23:53.861] [DEBUG] cheese - login => username:admin,password:123456
[2023-02-27T14:23:53.861] [DEBUG] cheese - admin
[2023-02-27T14:23:53.868] [DEBUG] cheese - null
[2023-02-27T14:23:53.868] [DEBUG] cheese - null
[2023-02-27T22:28:11.577] [DEBUG] cheese - login => username:admin,password:123456
[2023-02-27T22:28:11.579] [DEBUG] cheese - admin
[2023-02-27T22:28:11.633] [DEBUG] cheese - null
[2023-02-27T22:28:11.634] [DEBUG] cheese - null
[2023-02-28T16:34:39.172] [DEBUG] cheese - login => username:admin,password:123456
[2023-02-28T16:34:39.173] [DEBUG] cheese - admin
[2023-02-28T16:34:39.219] [DEBUG] cheese - null
[2023-02-28T16:34:39.220] [DEBUG] cheese - null
[2023-02-28T17:08:53.078] [DEBUG] cheese - login => username:admin,password:123456
[2023-02-28T17:08:53.079] [DEBUG] cheese - admin
[2023-02-28T17:08:53.083] [DEBUG] cheese - null
[2023-02-28T17:08:53.084] [DEBUG] cheese - null
[2023-02-28T17:30:29.591] [DEBUG] cheese - null
[2023-02-28T17:57:42.797] [DEBUG] cheese - null
[2023-02-28T17:59:05.392] [DEBUG] cheese - null
[2023-02-28T18:20:56.917] [DEBUG] cheese - null
[2023-03-01T17:39:47.870] [DEBUG] cheese - login => username:admin,password:123456
[2023-03-01T17:39:47.871] [DEBUG] cheese - admin
[2023-03-01T17:39:47.898] [DEBUG] cheese - null
[2023-03-01T17:39:47.899] [DEBUG] cheese - null
[2023-03-01T22:53:57.492] [DEBUG] cheese - login => username:admin,password:123456
[2023-03-01T22:53:57.496] [DEBUG] cheese - admin
[2023-03-01T22:53:57.556] [DEBUG] cheese - null
[2023-03-01T22:53:57.557] [DEBUG] cheese - null
[2023-03-02T17:31:39.152] [DEBUG] cheese - login => username:admin,password:123456
[2023-03-02T17:31:39.153] [DEBUG] cheese - admin
[2023-03-02T17:31:39.189] [DEBUG] cheese - null
[2023-03-02T17:31:39.190] [DEBUG] cheese - null
[2023-03-03T00:07:12.556] [DEBUG] cheese - login => username:admin,password:123456
[2023-03-03T00:07:12.558] [DEBUG] cheese - admin
[2023-03-03T00:07:12.583] [DEBUG] cheese - null
[2023-03-03T00:07:12.583] [DEBUG] cheese - null
[2023-03-03T17:37:48.764] [DEBUG] cheese - login => username:admin,password:123456
[2023-03-03T17:37:48.767] [DEBUG] cheese - admin
[2023-03-03T17:37:48.903] [DEBUG] cheese - null
[2023-03-03T17:37:48.904] [DEBUG] cheese - null
[2023-03-03T17:41:37.252] [DEBUG] cheese - login => username:admin,password:123456
[2023-03-03T17:41:37.255] [DEBUG] cheese - admin
[2023-03-03T17:41:37.262] [DEBUG] cheese - null
[2023-03-03T17:41:37.263] [DEBUG] cheese - null
[2023-03-03T18:48:45.513] [DEBUG] cheese - login => username:admin,password:123456
[2023-03-03T18:48:45.513] [DEBUG] cheese - admin
[2023-03-03T18:48:45.516] [DEBUG] cheese - null
[2023-03-03T18:48:45.516] [DEBUG] cheese - null
[2023-03-03T23:34:47.245] [DEBUG] cheese - login => username:admin,password:123456
[2023-03-03T23:34:47.247] [DEBUG] cheese - admin
[2023-03-03T23:34:47.287] [DEBUG] cheese - null
[2023-03-03T23:34:47.288] [DEBUG] cheese - null
[2023-03-04T02:13:35.087] [DEBUG] cheese - login => username:admin,password:123456
[2023-03-04T02:13:35.088] [DEBUG] cheese - admin
[2023-03-04T02:13:35.121] [DEBUG] cheese - null
[2023-03-04T02:13:35.121] [DEBUG] cheese - null
[2023-03-04T02:23:36.141] [DEBUG] cheese - login => username:admin,password:123456
[2023-03-04T02:23:36.144] [DEBUG] cheese - admin
[2023-03-04T02:23:36.154] [DEBUG] cheese - null
[2023-03-04T02:23:36.155] [DEBUG] cheese - null
[2023-03-04T02:25:00.390] [DEBUG] cheese - login => username:admin,password:123456
[2023-03-04T02:25:00.392] [DEBUG] cheese - admin
[2023-03-04T02:25:00.401] [DEBUG] cheese - null
[2023-03-04T02:25:00.402] [DEBUG] cheese - null
[2023-03-04T03:01:17.005] [DEBUG] cheese - login => username:admin,password:123456
[2023-03-04T03:01:17.005] [DEBUG] cheese - admin
[2023-03-04T03:01:17.013] [DEBUG] cheese - null
[2023-03-04T03:01:17.013] [DEBUG] cheese - null
[2023-03-04T03:09:46.170] [DEBUG] cheese - login => username:admin,password:123456
[2023-03-04T03:09:46.171] [DEBUG] cheese - admin
[2023-03-04T03:09:46.176] [DEBUG] cheese - null
[2023-03-04T03:09:46.176] [DEBUG] cheese - null
[2023-03-04T03:42:10.901] [DEBUG] cheese - login => username:admin,password:123456
[2023-03-04T03:42:10.902] [DEBUG] cheese - admin
[2023-03-04T03:42:10.908] [DEBUG] cheese - null
[2023-03-04T03:42:10.909] [DEBUG] cheese - null
